[0427/154727.832:ERROR:process_info.cc(359)] UncheckedAllocate
[0427/154728.636:ERROR:process_info.cc(359)] UncheckedAllocate
[0427/163503.706:ERROR:process_info.cc(359)] UncheckedAllocate
[0429/064203.981:ERROR:process_info.cc(359)] UncheckedAllocate
[0429/065330.185:ERROR:process_info.cc(359)] UncheckedAllocate
[0430/071757.761:ERROR:process_reader_win.cc(151)] SuspendThread: Access is denied. (0x5)
[0430/071757.816:ERROR:exception_snapshot_win.cc(98)] thread ID 24480 not found in process
[0430/071757.817:ERROR:scoped_process_suspend.cc(40)] NtResumeProcess: An attempt was made to access an exiting process. (0xc000010a)
[0430/075811.512:ERROR:process_info.cc(359)] UncheckedAllocate
[0430/081028.122:ERROR:process_info.cc(359)] UncheckedAllocate
[0505/073332.019:ERROR:process_info.cc(359)] UncheckedAllocate
[0505/073332.423:ERROR:process_info.cc(359)] UncheckedAllocate
[0505/133556.549:ERROR:process_info.cc(359)] UncheckedAllocate
[0505/133556.758:ERROR:process_info.cc(359)] UncheckedAllocate
[0505/133558.274:ERROR:process_info.cc(359)] UncheckedAllocate
[0505/134438.380:ERROR:process_info.cc(359)] UncheckedAllocate
[0505/134544.105:ERROR:process_info.cc(359)] UncheckedAllocate
[0505/134544.412:ERROR:filesystem_win.cc(148)] DeleteFile C:\Users\anir2070\AppData\Local\Temp\scoped_dir18196_748828263\Crashpad\reports\4ab83360-8e19-46b1-a53f-1ec36be08763.dmp: The process cannot access the file because it is being used by another process. (0x20)
[0505/152011.358:ERROR:process_info.cc(359)] UncheckedAllocate
[0506/072144.228:ERROR:process_info.cc(359)] UncheckedAllocate
[0506/080150.519:ERROR:process_info.cc(359)] UncheckedAllocate
[0506/080150.536:ERROR:process_info.cc(359)] UncheckedAllocate
[0506/081055.033:ERROR:process_info.cc(359)] UncheckedAllocate
[0506/081055.398:ERROR:process_info.cc(359)] UncheckedAllocate
[0506/160243.402:ERROR:process_info.cc(359)] UncheckedAllocate
[0507/063156.684:ERROR:process_info.cc(359)] UncheckedAllocate
[0507/070050.583:ERROR:process_info.cc(359)] UncheckedAllocate
[0507/070059.841:ERROR:process_info.cc(359)] UncheckedAllocate
[0507/070150.076:ERROR:process_info.cc(359)] UncheckedAllocate
[0507/070150.428:ERROR:process_info.cc(359)] UncheckedAllocate
[0507/070151.821:ERROR:process_info.cc(359)] UncheckedAllocate
[0507/070247.347:ERROR:process_info.cc(359)] UncheckedAllocate
